<?xml version="1.0" encoding="UTF-8"?>
<testsuite xmlns:xsi="http://www.w3.org/2001/XMLSchema-instance" xsi:noNamespaceSchemaLocation="https://maven.apache.org/surefire/maven-failsafe-plugin/xsd/failsafe-test-report-3.0.xsd" version="3.0" name="fr.epsi.service.CommandeServiceIT" time="0.117" tests="3" errors="0" skipped="0" failures="0">
  <properties>
[...]
</properties>
  <testcase name="pipeline_RemiseTotale_TotalZeroCategorisePetite" classname="fr.epsi.service.CommandeServiceIT" time="0.049"/>
  <testcase name="pipeline_PanierMixte_CategorisationCorrecte" classname="fr.epsi.service.CommandeServiceIT" time="0.0"/>
  <testcase name="pipeline_PanierPremium_CategorieGrande" classname="fr.epsi.service.CommandeServiceIT" time="0.002"/>
</testsuite>